<?xml version="1.0" encoding="UTF-8"?>
<!-- Generated by org.testng.reporters.JUnitXMLReporter -->
<testsuite ignored="0" hostname="BLR1-LHP-N73414" failures="0" tests="1" name="TOpenCartest1" time="0.503" errors="0" timestamp="2023-10-09T14:58:18 IST">
  <testcase classname="testBase.BaseClass" name="@BeforeClass setup" time="0.482">
    <failure type="org.openqa.selenium.SessionNotCreatedException" message="Could not start a new session. Response code 400. Message: binary is not a Firefox executable 
Host info: host: &amp;apos;BLR1-LHP-N73414&amp;apos;, ip: &amp;apos;192.168.239.125&amp;apos;
Build info: version: &amp;apos;4.12.1&amp;apos;, revision: &amp;apos;8e34639b11&amp;apos;
System info: os.name: &amp;apos;Linux&amp;apos;, os.arch: &amp;apos;amd64&amp;apos;, os.version: &amp;apos;5.11.0-051100-generic&amp;apos;, java.version: &amp;apos;17.0.8.1&amp;apos;
Driver info: org.openqa.selenium.firefox.FirefoxDriver
Command: [null, newSession {capabilities=[Capabilities {acceptInsecureCerts: true, browserName: firefox, moz:debuggerAddress: true, moz:firefoxOptions: {binary: /usr/bin/firefox}}]}]">
      <![CDATA[org.openqa.selenium.SessionNotCreatedException: Could not start a new session. Response code 400. Message: binary is not a Firefox executable 
Host info: host: 'BLR1-LHP-N73414', ip: '192.168.239.125'
Build info: version: '4.12.1', revision: '8e34639b11'
System info: os.name: 'Linux', os.arch: 'amd64', os.version: '5.11.0-051100-generic', java.version: '17.0.8.1'
Driver info: org.openqa.selenium.firefox.FirefoxDriver
Command: [null, newSession {capabilities=[Capabilities {acceptInsecureCerts: true, browserName: firefox, moz:debuggerAddress: true, moz:firefoxOptions: {binary: /usr/bin/firefox}}]}]
at org.openqa.selenium.remote.ProtocolHandshake.createSession(ProtocolHandshake.java:140)
at org.openqa.selenium.remote.ProtocolHandshake.createSession(ProtocolHandshake.java:96)
at org.openqa.selenium.remote.ProtocolHandshake.createSession(ProtocolHandshake.java:68)
at org.openqa.selenium.remote.HttpCommandExecutor.execute(HttpCommandExecutor.java:163)
at org.openqa.selenium.remote.service.DriverCommandExecutor.invokeExecute(DriverCommandExecutor.java:196)
at org.openqa.selenium.remote.service.DriverCommandExecutor.execute(DriverCommandExecutor.java:171)
at org.openqa.selenium.remote.RemoteWebDriver.execute(RemoteWebDriver.java:602)
at org.openqa.selenium.remote.RemoteWebDriver.startSession(RemoteWebDriver.java:236)
at org.openqa.selenium.remote.RemoteWebDriver.<init>(RemoteWebDriver.java:163)
at org.openqa.selenium.firefox.FirefoxDriver.<init>(FirefoxDriver.java:156)
at org.openqa.selenium.firefox.FirefoxDriver.<init>(FirefoxDriver.java:151)
at org.openqa.selenium.firefox.FirefoxDriver.<init>(FirefoxDriver.java:132)
at org.openqa.selenium.firefox.FirefoxDriver.<init>(FirefoxDriver.java:127)
at org.openqa.selenium.firefox.FirefoxDriver.<init>(FirefoxDriver.java:112)
at org.openqa.selenium.firefox.FirefoxDriver.<init>(FirefoxDriver.java:102)
at testBase.BaseClass.setup(BaseClass.java:37)
at java.base/java.util.ArrayList.forEach(ArrayList.java:1511)
... Removed 25 stack frames]]>
    </failure>
  </testcase> <!-- @BeforeClass setup -->
  <testcase classname="testBase.BaseClass" name="@AfterClass tearDown" time="-1.696843698123E9">
    <skipped/>
  </testcase> <!-- @AfterClass tearDown -->
  <testcase classname="testCase.TC_001_AccountRegistationTest" name="test_accout_registation" time="0.0">
    <skipped/>
  </testcase> <!-- test_accout_registation -->
</testsuite> <!-- TOpenCartest1 -->
